-------------------------------------------------------------------------------
Test set: com.FSD.ITS.InterviewTrackerSystemApplicationTests
-------------------------------------------------------------------------------
Tests run: 1, Failures: 0, Errors: 1, Skipped: 0, Time elapsed: 0.668 s <<< FAILURE! - in com.FSD.ITS.InterviewTrackerSystemApplicationTests
com.FSD.ITS.InterviewTrackerSystemApplicationTests  Time elapsed: 0.664 s  <<< ERROR!
java.lang.IllegalStateException: Unable to find a @SpringBootConfiguration, you need to use @ContextConfiguration or @SpringBootTest(classes=...) with your test

