<?xml version="1.0" encoding="UTF-8"?>
<testsuite xmlns:xsi="http://www.w3.org/2001/XMLSchema-instance" xsi:noNamespaceSchemaLocation="https://maven.apache.org/surefire/maven-surefire-plugin/xsd/surefire-test-report.xsd" name="com.FSD.ITS.InterviewTrackerSystemApplicationTests" time="0.668" tests="1" errors="1" skipped="0" failures="0">
  <properties>
[...]
</properties>
  <testcase name="com.FSD.ITS.InterviewTrackerSystemApplicationTests" classname="com.FSD.ITS.InterviewTrackerSystemApplicationTests" time="0.664">
    <error message="Unable to find a @SpringBootConfiguration, you need to use @ContextConfiguration or @SpringBootTest(classes=...) with your test" type="java.lang.IllegalStateException">java.lang.IllegalStateException: Unable to find a @SpringBootConfiguration, you need to use @ContextConfiguration or @SpringBootTest(classes=...) with your test
</error>
    <system-out><![CDATA[02:24:50.078 [main] DEBUG org.springframework.test.context.BootstrapUtils - Instantiating CacheAwareContextLoaderDelegate from class [org.springframework.test.context.cache.DefaultCacheAwareContextLoaderDelegate]
02:24:50.097 [main] DEBUG org.springframework.test.context.BootstrapUtils - Instantiating BootstrapContext using constructor [public org.springframework.test.context.support.DefaultBootstrapContext(java.lang.Class,org.springframework.test.context.CacheAwareContextLoaderDelegate)]
02:24:50.145 [main] DEBUG org.springframework.test.context.BootstrapUtils - Instantiating TestContextBootstrapper for test class [com.FSD.ITS.InterviewTrackerSystemApplicationTests] from class [org.springframework.boot.test.context.SpringBootTestContextBootstrapper]
02:24:50.173 [main] INFO org.springframework.boot.test.context.SpringBootTestContextBootstrapper - Neither @ContextConfiguration nor @ContextHierarchy found for test class [com.FSD.ITS.InterviewTrackerSystemApplicationTests], using SpringBootContextLoader
02:24:50.178 [main] DEBUG org.springframework.test.context.support.AbstractContextLoader - Did not detect default resource location for test class [com.FSD.ITS.InterviewTrackerSystemApplicationTests]: class path resource [com/FSD/ITS/InterviewTrackerSystemApplicationTests-context.xml] does not exist
02:24:50.179 [main] DEBUG org.springframework.test.context.support.AbstractContextLoader - Did not detect default resource location for test class [com.FSD.ITS.InterviewTrackerSystemApplicationTests]: class path resource [com/FSD/ITS/InterviewTrackerSystemApplicationTestsContext.groovy] does not exist
02:24:50.180 [main] INFO org.springframework.test.context.support.AbstractContextLoader - Could not detect default resource locations for test class [com.FSD.ITS.InterviewTrackerSystemApplicationTests]: no resource found for suffixes {-context.xml, Context.groovy}.
02:24:50.181 [main] INFO org.springframework.test.context.support.AnnotationConfigContextLoaderUtils - Could not detect default configuration classes for test class [com.FSD.ITS.InterviewTrackerSystemApplicationTests]: InterviewTrackerSystemApplicationTests does not declare any static, non-private, non-final, nested classes annotated with @Configuration.
02:24:50.267 [main] DEBUG org.springframework.test.context.support.ActiveProfilesUtils - Could not find an 'annotation declaring class' for annotation type [org.springframework.test.context.ActiveProfiles] and class [com.FSD.ITS.InterviewTrackerSystemApplicationTests]
02:24:50.385 [main] DEBUG org.springframework.test.context.BootstrapUtils - Instantiating CacheAwareContextLoaderDelegate from class [org.springframework.test.context.cache.DefaultCacheAwareContextLoaderDelegate]
02:24:50.400 [main] DEBUG org.springframework.test.context.BootstrapUtils - Instantiating BootstrapContext using constructor [public org.springframework.test.context.support.DefaultBootstrapContext(java.lang.Class,org.springframework.test.context.CacheAwareContextLoaderDelegate)]
02:24:50.402 [main] DEBUG org.springframework.test.context.BootstrapUtils - Instantiating TestContextBootstrapper for test class [com.FSD.ITS.InterviewTrackerSystemApplicationTests] from class [org.springframework.boot.test.context.SpringBootTestContextBootstrapper]
02:24:50.409 [main] INFO org.springframework.boot.test.context.SpringBootTestContextBootstrapper - Neither @ContextConfiguration nor @ContextHierarchy found for test class [com.FSD.ITS.InterviewTrackerSystemApplicationTests], using SpringBootContextLoader
02:24:50.411 [main] DEBUG org.springframework.test.context.support.AbstractContextLoader - Did not detect default resource location for test class [com.FSD.ITS.InterviewTrackerSystemApplicationTests]: class path resource [com/FSD/ITS/InterviewTrackerSystemApplicationTests-context.xml] does not exist
02:24:50.412 [main] DEBUG org.springframework.test.context.support.AbstractContextLoader - Did not detect default resource location for test class [com.FSD.ITS.InterviewTrackerSystemApplicationTests]: class path resource [com/FSD/ITS/InterviewTrackerSystemApplicationTestsContext.groovy] does not exist
02:24:50.412 [main] INFO org.springframework.test.context.support.AbstractContextLoader - Could not detect default resource locations for test class [com.FSD.ITS.InterviewTrackerSystemApplicationTests]: no resource found for suffixes {-context.xml, Context.groovy}.
02:24:50.412 [main] INFO org.springframework.test.context.support.AnnotationConfigContextLoaderUtils - Could not detect default configuration classes for test class [com.FSD.ITS.InterviewTrackerSystemApplicationTests]: InterviewTrackerSystemApplicationTests does not declare any static, non-private, non-final, nested classes annotated with @Configuration.
02:24:50.418 [main] DEBUG org.springframework.test.context.support.ActiveProfilesUtils - Could not find an 'annotation declaring class' for annotation type [org.springframework.test.context.ActiveProfiles] and class [com.FSD.ITS.InterviewTrackerSystemApplicationTests]
02:24:50.469 [main] DEBUG org.springframework.test.context.BootstrapUtils - Instantiating CacheAwareContextLoaderDelegate from class [org.springframework.test.context.cache.DefaultCacheAwareContextLoaderDelegate]
02:24:50.470 [main] DEBUG org.springframework.test.context.BootstrapUtils - Instantiating BootstrapContext using constructor [public org.springframework.test.context.support.DefaultBootstrapContext(java.lang.Class,org.springframework.test.context.CacheAwareContextLoaderDelegate)]
02:24:50.473 [main] DEBUG org.springframework.test.context.BootstrapUtils - Instantiating TestContextBootstrapper for test class [com.FSD.ITS.InterviewTrackerSystemApplicationTests] from class [org.springframework.boot.test.context.SpringBootTestContextBootstrapper]
02:24:50.480 [main] INFO org.springframework.boot.test.context.SpringBootTestContextBootstrapper - Neither @ContextConfiguration nor @ContextHierarchy found for test class [com.FSD.ITS.InterviewTrackerSystemApplicationTests], using SpringBootContextLoader
02:24:50.501 [main] DEBUG org.springframework.test.context.support.AbstractContextLoader - Did not detect default resource location for test class [com.FSD.ITS.InterviewTrackerSystemApplicationTests]: class path resource [com/FSD/ITS/InterviewTrackerSystemApplicationTests-context.xml] does not exist
02:24:50.504 [main] DEBUG org.springframework.test.context.support.AbstractContextLoader - Did not detect default resource location for test class [com.FSD.ITS.InterviewTrackerSystemApplicationTests]: class path resource [com/FSD/ITS/InterviewTrackerSystemApplicationTestsContext.groovy] does not exist
02:24:50.506 [main] INFO org.springframework.test.context.support.AbstractContextLoader - Could not detect default resource locations for test class [com.FSD.ITS.InterviewTrackerSystemApplicationTests]: no resource found for suffixes {-context.xml, Context.groovy}.
02:24:50.507 [main] INFO org.springframework.test.context.support.AnnotationConfigContextLoaderUtils - Could not detect default configuration classes for test class [com.FSD.ITS.InterviewTrackerSystemApplicationTests]: InterviewTrackerSystemApplicationTests does not declare any static, non-private, non-final, nested classes annotated with @Configuration.
02:24:50.514 [main] DEBUG org.springframework.test.context.support.ActiveProfilesUtils - Could not find an 'annotation declaring class' for annotation type [org.springframework.test.context.ActiveProfiles] and class [com.FSD.ITS.InterviewTrackerSystemApplicationTests]
]]></system-out>
  </testcase>
</testsuite>